[debug] [2023-11-14T01:26:27.162Z] ----------------------------------------------------------------------
[debug] [2023-11-14T01:26:27.164Z] Command:       C:\Program Files\nodejs\node.exe C:\Users\USER\AppData\Roaming\npm\node_modules\firebase-tools\lib\bin\firebase.js emulators:start
[debug] [2023-11-14T01:26:27.164Z] CLI Version:   12.8.0
[debug] [2023-11-14T01:26:27.164Z] Platform:      win32
[debug] [2023-11-14T01:26:27.164Z] Node Version:  v20.9.0
[debug] [2023-11-14T01:26:27.164Z] Time:          Mon Nov 13 2023 20:26:27 GMT-0500 (hora estándar de Colombia)
[debug] [2023-11-14T01:26:27.164Z] ----------------------------------------------------------------------
[debug] 
[debug] [2023-11-14T01:26:27.166Z] >>> [apiv2][query] GET https://firebase-public.firebaseio.com/cli.json [none]
[debug] [2023-11-14T01:26:27.260Z] > command requires scopes: ["email","openid","https://www.googleapis.com/auth/cloudplatformprojects.readonly","https://www.googleapis.com/auth/firebase","https://www.googleapis.com/auth/cloud-platform"]
[debug] [2023-11-14T01:26:27.261Z] > authorizing via signed-in user (jquintanam3@unicartagena.edu.co)
[info] i  emulators: Starting emulators: functions, hosting {"metadata":{"emulator":{"name":"hub"},"message":"Starting emulators: functions, hosting"}}
[debug] [2023-11-14T01:26:27.268Z] [logging] Logging Emulator only supports listening on one address (127.0.0.1). Not listening on ::1
[debug] [2023-11-14T01:26:27.269Z] [hosting] Hosting Emulator only supports listening on one address (127.0.0.1). Not listening on ::1
[debug] [2023-11-14T01:26:27.269Z] assigned listening specs for emulators {"user":{"hub":[{"address":"127.0.0.1","family":"IPv4","port":4400},{"address":"::1","family":"IPv6","port":4400}],"ui":[{"address":"127.0.0.1","family":"IPv4","port":4000},{"address":"::1","family":"IPv6","port":4000}],"logging":[{"address":"127.0.0.1","family":"IPv4","port":4500}],"hosting":[{"address":"127.0.0.1","family":"IPv4","port":5000}]},"metadata":{"message":"assigned listening specs for emulators"}}
[debug] [2023-11-14T01:26:27.276Z] [hub] writing locator at C:\Users\USER\AppData\Local\Temp\hub-research-hub-8afa2.json
[debug] [2023-11-14T01:26:27.288Z] [functions] Functions Emulator only supports listening on one address (127.0.0.1). Not listening on ::1
[debug] [2023-11-14T01:26:27.289Z] [eventarc] Eventarc Emulator only supports listening on one address (127.0.0.1). Not listening on ::1
[debug] [2023-11-14T01:26:27.289Z] late-assigned ports for functions and eventarc emulators {"user":{"hub":[{"address":"127.0.0.1","family":"IPv4","port":4400},{"address":"::1","family":"IPv6","port":4400}],"ui":[{"address":"127.0.0.1","family":"IPv4","port":4000},{"address":"::1","family":"IPv6","port":4000}],"logging":[{"address":"127.0.0.1","family":"IPv4","port":4500}],"hosting":[{"address":"127.0.0.1","family":"IPv4","port":5000}],"functions":[{"address":"127.0.0.1","family":"IPv4","port":5001}],"eventarc":[{"address":"127.0.0.1","family":"IPv4","port":9299}]},"metadata":{"message":"late-assigned ports for functions and eventarc emulators"}}
[warn] !  functions: The following emulators are not running, calls to these services from the Functions emulator will affect production: auth, firestore, database, pubsub, storage {"metadata":{"emulator":{"name":"functions"},"message":"The following emulators are not running, calls to these services from the Functions emulator will affect production: \u001b[1mauth, firestore, database, pubsub, storage\u001b[22m"}}
[debug] [2023-11-14T01:26:27.291Z] defaultcredentials: writing to file C:\Users\USER\AppData\Roaming\firebase\jquintanam3_unicartagena_edu.co_application_default_credentials.json
[debug] [2023-11-14T01:26:27.293Z] Setting GAC to C:\Users\USER\AppData\Roaming\firebase\jquintanam3_unicartagena_edu.co_application_default_credentials.json {"metadata":{"emulator":{"name":"functions"},"message":"Setting GAC to C:\\Users\\USER\\AppData\\Roaming\\firebase\\jquintanam3_unicartagena_edu.co_application_default_credentials.json"}}
[debug] [2023-11-14T01:26:27.294Z] > refreshing access token with scopes: []
[debug] [2023-11-14T01:26:27.294Z] >>> [apiv2][query] POST https://www.googleapis.com/oauth2/v3/token [none]
[debug] [2023-11-14T01:26:27.295Z] >>> [apiv2][body] POST https://www.googleapis.com/oauth2/v3/token [omitted]
[debug] [2023-11-14T01:26:27.553Z] <<< [apiv2][status] GET https://firebase-public.firebaseio.com/cli.json 200
[debug] [2023-11-14T01:26:27.553Z] <<< [apiv2][body] GET https://firebase-public.firebaseio.com/cli.json {"cloudBuildErrorAfter":1594252800000,"cloudBuildWarnAfter":1590019200000,"defaultNode10After":1594252800000,"minVersion":"3.0.5","node8DeploysDisabledAfter":1613390400000,"node8RuntimeDisabledAfter":1615809600000,"node8WarnAfter":1600128000000}
[debug] [2023-11-14T01:26:27.593Z] <<< [apiv2][status] POST https://www.googleapis.com/oauth2/v3/token 200
[debug] [2023-11-14T01:26:27.593Z] <<< [apiv2][body] POST https://www.googleapis.com/oauth2/v3/token [omitted]
[debug] [2023-11-14T01:26:27.599Z] >>> [apiv2][query] GET https://firebase.googleapis.com/v1beta1/projects/research-hub-8afa2/adminSdkConfig [none]
[debug] [2023-11-14T01:26:28.101Z] <<< [apiv2][status] GET https://firebase.googleapis.com/v1beta1/projects/research-hub-8afa2/adminSdkConfig 200
[debug] [2023-11-14T01:26:28.101Z] <<< [apiv2][body] GET https://firebase.googleapis.com/v1beta1/projects/research-hub-8afa2/adminSdkConfig {"projectId":"research-hub-8afa2","storageBucket":"research-hub-8afa2.appspot.com","locationId":"southamerica-east1"}
[debug] [2023-11-14T01:26:28.109Z] >>> [apiv2][query] GET https://firebasehosting.googleapis.com/v1beta1/projects/research-hub-8afa2/sites 
[debug] [2023-11-14T01:26:29.373Z] <<< [apiv2][status] GET https://firebasehosting.googleapis.com/v1beta1/projects/research-hub-8afa2/sites 200
[debug] [2023-11-14T01:26:29.373Z] <<< [apiv2][body] GET https://firebasehosting.googleapis.com/v1beta1/projects/research-hub-8afa2/sites {"sites":[{"name":"projects/research-hub-8afa2/sites/research-hub-8afa2","defaultUrl":"https://research-hub-8afa2.web.app","type":"DEFAULT_SITE"}]}
[debug] [2023-11-14T01:26:29.373Z] >>> [apiv2][query] GET https://firebase.googleapis.com/v1beta1/projects/research-hub-8afa2/webApps/-/config [none]
[debug] [2023-11-14T01:26:29.887Z] <<< [apiv2][status] GET https://firebase.googleapis.com/v1beta1/projects/research-hub-8afa2/webApps/-/config 200
[debug] [2023-11-14T01:26:29.887Z] <<< [apiv2][body] GET https://firebase.googleapis.com/v1beta1/projects/research-hub-8afa2/webApps/-/config {"projectId":"research-hub-8afa2","appId":"1:10333519454:web:99a387a99e0bbb40d97ecf","storageBucket":"research-hub-8afa2.appspot.com","locationId":"southamerica-east1","apiKey":"AIzaSyBT6xNSdZI7g_ASM3F2nv-XI-jPyPA5ehI","authDomain":"research-hub-8afa2.firebaseapp.com","messagingSenderId":"10333519454","measurementId":"G-84EBLVW3GB"}
[debug] [2023-11-14T01:26:29.890Z] >>> [apiv2][query] GET https://firebase.googleapis.com/v1beta1/projects/research-hub-8afa2 [none]
[debug] [2023-11-14T01:26:30.159Z] <<< [apiv2][status] GET https://firebase.googleapis.com/v1beta1/projects/research-hub-8afa2 200
[debug] [2023-11-14T01:26:30.159Z] <<< [apiv2][body] GET https://firebase.googleapis.com/v1beta1/projects/research-hub-8afa2 {"projectId":"research-hub-8afa2","projectNumber":"10333519454","displayName":"research-hub","name":"projects/research-hub-8afa2","resources":{"hostingSite":"research-hub-8afa2","storageBucket":"research-hub-8afa2.appspot.com","locationId":"southamerica-east1"},"state":"ACTIVE","etag":"1_fab46a01-dbcf-4999-b18c-a198e79f316f"}
[info] i  hosting[research-hub-8afa2]: Serving hosting files from: public {"metadata":{"emulator":{"name":"hosting"},"message":"Serving hosting files from: \u001b[1mpublic\u001b[22m"}}
[info] +  hosting[research-hub-8afa2]: Local server: http://127.0.0.1:5000 {"metadata":{"emulator":{"name":"hosting"},"message":"Local server: \u001b[4m\u001b[1mhttp://127.0.0.1:5000\u001b[22m\u001b[24m"}}
[debug] [2023-11-14T01:26:30.179Z] Ignoring unsupported arg: auto_download {"metadata":{"emulator":{"name":"ui"},"message":"Ignoring unsupported arg: auto_download"}}
[debug] [2023-11-14T01:26:30.179Z] Ignoring unsupported arg: port {"metadata":{"emulator":{"name":"ui"},"message":"Ignoring unsupported arg: port"}}
[debug] [2023-11-14T01:26:30.179Z] Starting Emulator UI with command {"binary":"node","args":["C:\\Users\\USER\\.cache\\firebase\\emulators\\ui-v1.11.7\\server\\server.js"],"optionalArgs":[],"joinArgs":false} {"metadata":{"emulator":{"name":"ui"},"message":"Starting Emulator UI with command {\"binary\":\"node\",\"args\":[\"C:\\\\Users\\\\USER\\\\.cache\\\\firebase\\\\emulators\\\\ui-v1.11.7\\\\server\\\\server.js\"],\"optionalArgs\":[],\"joinArgs\":false}"}}
[info] i  ui: Emulator UI logging to ui-debug.log {"metadata":{"emulator":{"name":"ui"},"message":"Emulator UI logging to \u001b[1mui-debug.log\u001b[22m"}}
[debug] [2023-11-14T01:26:30.281Z] Web / API server started at 127.0.0.1:4000
 {"metadata":{"emulator":{"name":"ui"},"message":"Web / API server started at 127.0.0.1:4000\n"}}
[debug] [2023-11-14T01:26:30.281Z] Web / API server started at ::1:4000
 {"metadata":{"emulator":{"name":"ui"},"message":"Web / API server started at ::1:4000\n"}}
[info] i  functions: Watching "C:\Users\USER\research-hub\functions" for Cloud Functions... {"metadata":{"emulator":{"name":"functions"},"message":"Watching \"C:\\Users\\USER\\research-hub\\functions\" for Cloud Functions..."}}
[debug] [2023-11-14T01:26:30.455Z] Validating nodejs source
[warn] !  functions: Couldn't find firebase-functions package in your source code. Have you run 'npm install'? 
[debug] [2023-11-14T01:26:30.456Z] getFunctionsSDKVersion encountered error: Cannot find module 'firebase-functions'
Require stack:
- C:\Users\USER\AppData\Roaming\npm\node_modules\firebase-tools\lib\deploy\functions\runtimes\node\versioning.js
- C:\Users\USER\AppData\Roaming\npm\node_modules\firebase-tools\lib\deploy\functions\runtimes\node\index.js
- C:\Users\USER\AppData\Roaming\npm\node_modules\firebase-tools\lib\deploy\functions\runtimes\index.js
- C:\Users\USER\AppData\Roaming\npm\node_modules\firebase-tools\lib\gcp\cloudfunctions.js
- C:\Users\USER\AppData\Roaming\npm\node_modules\firebase-tools\lib\deploy\functions\backend.js
- C:\Users\USER\AppData\Roaming\npm\node_modules\firebase-tools\lib\emulator\functionsEmulatorShared.js
- C:\Users\USER\AppData\Roaming\npm\node_modules\firebase-tools\lib\emulator\functionsEmulator.js
- C:\Users\USER\AppData\Roaming\npm\node_modules\firebase-tools\lib\emulator\controller.js
- C:\Users\USER\AppData\Roaming\npm\node_modules\firebase-tools\lib\emulator\commandUtils.js
- C:\Users\USER\AppData\Roaming\npm\node_modules\firebase-tools\lib\commands\database-get.js
- C:\Users\USER\AppData\Roaming\npm\node_modules\firebase-tools\lib\commands\index.js
- C:\Users\USER\AppData\Roaming\npm\node_modules\firebase-tools\lib\index.js
- C:\Users\USER\AppData\Roaming\npm\node_modules\firebase-tools\lib\bin\firebase.js {"code":"MODULE_NOT_FOUND","requireStack":["C:\\Users\\USER\\AppData\\Roaming\\npm\\node_modules\\firebase-tools\\lib\\deploy\\functions\\runtimes\\node\\versioning.js","C:\\Users\\USER\\AppData\\Roaming\\npm\\node_modules\\firebase-tools\\lib\\deploy\\functions\\runtimes\\node\\index.js","C:\\Users\\USER\\AppData\\Roaming\\npm\\node_modules\\firebase-tools\\lib\\deploy\\functions\\runtimes\\index.js","C:\\Users\\USER\\AppData\\Roaming\\npm\\node_modules\\firebase-tools\\lib\\gcp\\cloudfunctions.js","C:\\Users\\USER\\AppData\\Roaming\\npm\\node_modules\\firebase-tools\\lib\\deploy\\functions\\backend.js","C:\\Users\\USER\\AppData\\Roaming\\npm\\node_modules\\firebase-tools\\lib\\emulator\\functionsEmulatorShared.js","C:\\Users\\USER\\AppData\\Roaming\\npm\\node_modules\\firebase-tools\\lib\\emulator\\functionsEmulator.js","C:\\Users\\USER\\AppData\\Roaming\\npm\\node_modules\\firebase-tools\\lib\\emulator\\controller.js","C:\\Users\\USER\\AppData\\Roaming\\npm\\node_modules\\firebase-tools\\lib\\emulator\\commandUtils.js","C:\\Users\\USER\\AppData\\Roaming\\npm\\node_modules\\firebase-tools\\lib\\commands\\database-get.js","C:\\Users\\USER\\AppData\\Roaming\\npm\\node_modules\\firebase-tools\\lib\\commands\\index.js","C:\\Users\\USER\\AppData\\Roaming\\npm\\node_modules\\firebase-tools\\lib\\index.js","C:\\Users\\USER\\AppData\\Roaming\\npm\\node_modules\\firebase-tools\\lib\\bin\\firebase.js"]}
[debug] [2023-11-14T01:26:30.456Z] checkFunctionsSDKVersion encountered error: Invalid Version:  {}
[debug] [2023-11-14T01:26:30.457Z] > [functions] package.json contents: {
  "name": "functions",
  "scripts": {
    "lint": "eslint --ext .js,.ts .",
    "build": "tsc",
    "build:watch": "tsc --watch",
    "serve": "npm run build && firebase emulators:start --only functions",
    "shell": "npm run build && firebase functions:shell",
    "start": "npm run shell",
    "deploy": "firebase deploy --only functions",
    "logs": "firebase functions:log"
  },
  "engines": {
    "node": "18"
  },
  "main": "lib/index.js",
  "dependencies": {
    "@angular/material": "^16.2.9",
    "@google-cloud/storage": "^7.5.0",
    "@supabase/supabase-js": "^2.38.4",
    "firebase-admin": "^11.8.0",
    "firebase-functions": "^4.5.0",
    "xlsx": "^0.18.5"
  },
  "devDependencies": {
    "@typescript-eslint/eslint-plugin": "^5.12.0",
    "@typescript-eslint/parser": "^5.12.0",
    "eslint": "^8.9.0",
    "eslint-config-google": "^0.14.0",
    "eslint-config-prettier": "^9.0.0",
    "eslint-plugin-import": "^2.25.4",
    "firebase-functions-test": "^3.1.0",
    "typescript": "^4.9.0"
  },
  "private": true
}
[error] !!  functions: Failed to load function definition from source: FirebaseError: There was an error reading functions\package.json:

 functions\lib\index.js does not exist, can't deploy Cloud Functions {"metadata":{"emulator":{"name":"functions"},"message":"Failed to load function definition from source: FirebaseError: There was an error reading functions\\package.json:\n\n functions\\lib\\index.js does not exist, can't deploy Cloud Functions"}}
[info] 
┌─────────────────────────────────────────────────────────────┐
│ ✔  All emulators ready! It is now safe to connect your app. │
│ i  View Emulator UI at http://127.0.0.1:4000/               │
└─────────────────────────────────────────────────────────────┘

┌───────────┬────────────────┬─────────────────────────────────┐
│ Emulator  │ Host:Port      │ View in Emulator UI             │
├───────────┼────────────────┼─────────────────────────────────┤
│ Functions │ 127.0.0.1:5001 │ http://127.0.0.1:4000/functions │
├───────────┼────────────────┼─────────────────────────────────┤
│ Hosting   │ 127.0.0.1:5000 │ n/a                             │
└───────────┴────────────────┴─────────────────────────────────┘
  Emulator Hub running at 127.0.0.1:4400
  Other reserved ports: 4500

Issues? Report them at https://github.com/firebase/firebase-tools/issues and attach the *-debug.log files.
 
[debug] [2023-11-14T02:48:28.734Z] Received signal SIGHUP 1
